mode: set
github.com/weaby/adr-buddy/internal/template/default.go:4.31,46.2 1 1
github.com/weaby/adr-buddy/internal/template/merger.go:20.50,31.65 5 1
github.com/weaby/adr-buddy/internal/template/merger.go:31.65,33.3 1 1
github.com/weaby/adr-buddy/internal/template/merger.go:34.2,34.63 1 1
github.com/weaby/adr-buddy/internal/template/merger.go:34.63,36.3 1 1
github.com/weaby/adr-buddy/internal/template/merger.go:37.2,37.67 1 1
github.com/weaby/adr-buddy/internal/template/merger.go:37.67,39.3 1 1
github.com/weaby/adr-buddy/internal/template/merger.go:43.2,44.44 2 1
github.com/weaby/adr-buddy/internal/template/merger.go:44.44,48.60 3 1
github.com/weaby/adr-buddy/internal/template/merger.go:48.60,50.4 1 1
github.com/weaby/adr-buddy/internal/template/merger.go:53.2,53.15 1 1
github.com/weaby/adr-buddy/internal/template/merger.go:57.41,60.2 2 1
github.com/weaby/adr-buddy/internal/template/merger.go:71.81,88.23 3 1
github.com/weaby/adr-buddy/internal/template/merger.go:88.23,90.3 1 0
github.com/weaby/adr-buddy/internal/template/merger.go:93.2,93.27 1 1
github.com/weaby/adr-buddy/internal/template/merger.go:93.27,96.63 2 1
github.com/weaby/adr-buddy/internal/template/merger.go:96.63,99.4 1 1
github.com/weaby/adr-buddy/internal/template/merger.go:104.2,104.28 1 1
github.com/weaby/adr-buddy/internal/template/merger.go:104.28,107.65 2 1
github.com/weaby/adr-buddy/internal/template/merger.go:107.65,110.4 1 1
github.com/weaby/adr-buddy/internal/template/merger.go:115.2,115.32 1 1
github.com/weaby/adr-buddy/internal/template/merger.go:115.32,118.73 2 1
github.com/weaby/adr-buddy/internal/template/merger.go:118.73,121.4 1 1
github.com/weaby/adr-buddy/internal/template/merger.go:126.2,127.16 2 1
github.com/weaby/adr-buddy/internal/template/merger.go:127.16,129.3 1 0
github.com/weaby/adr-buddy/internal/template/merger.go:131.2,132.48 2 1
github.com/weaby/adr-buddy/internal/template/merger.go:132.48,134.3 1 0
github.com/weaby/adr-buddy/internal/template/merger.go:136.2,136.26 1 1
github.com/weaby/adr-buddy/internal/template/renderer.go:11.61,13.16 2 1
github.com/weaby/adr-buddy/internal/template/renderer.go:13.16,15.3 1 0
github.com/weaby/adr-buddy/internal/template/renderer.go:17.2,18.48 2 1
github.com/weaby/adr-buddy/internal/template/renderer.go:18.48,20.3 1 0
github.com/weaby/adr-buddy/internal/template/renderer.go:22.2,22.26 1 1
