mode: set
github.com/weaby/adr-buddy/internal/skill/installer.go:9.52,12.2 2 1
github.com/weaby/adr-buddy/internal/skill/installer.go:14.31,16.16 2 1
github.com/weaby/adr-buddy/internal/skill/installer.go:16.16,18.3 1 0
github.com/weaby/adr-buddy/internal/skill/installer.go:19.2,20.26 2 1
github.com/weaby/adr-buddy/internal/skill/installer.go:23.37,26.46 2 1
github.com/weaby/adr-buddy/internal/skill/installer.go:26.46,28.3 1 1
github.com/weaby/adr-buddy/internal/skill/installer.go:30.2,30.52 1 1
github.com/weaby/adr-buddy/internal/skill/installer.go:30.52,32.3 1 0
github.com/weaby/adr-buddy/internal/skill/installer.go:34.2,34.76 1 1
github.com/weaby/adr-buddy/internal/skill/installer.go:34.76,36.3 1 0
github.com/weaby/adr-buddy/internal/skill/installer.go:38.2,38.12 1 1
github.com/weaby/adr-buddy/internal/skill/installer.go:41.50,45.2 3 1
github.com/weaby/adr-buddy/internal/skill/installer.go:47.29,49.16 2 1
github.com/weaby/adr-buddy/internal/skill/installer.go:49.16,51.3 1 0
github.com/weaby/adr-buddy/internal/skill/installer.go:52.2,54.19 3 1
github.com/weaby/adr-buddy/internal/cli/check.go:16.47,18.2 1 1
github.com/weaby/adr-buddy/internal/cli/check.go:21.90,23.16 2 1
github.com/weaby/adr-buddy/internal/cli/check.go:23.16,25.3 1 0
github.com/weaby/adr-buddy/internal/cli/check.go:28.2,29.41 2 1
github.com/weaby/adr-buddy/internal/cli/check.go:29.41,32.17 3 1
github.com/weaby/adr-buddy/internal/cli/check.go:32.17,34.4 1 0
github.com/weaby/adr-buddy/internal/cli/check.go:35.3,35.58 1 1
github.com/weaby/adr-buddy/internal/cli/check.go:39.2,52.37 2 1
github.com/weaby/adr-buddy/internal/cli/check.go:52.37,53.40 1 1
github.com/weaby/adr-buddy/internal/cli/check.go:53.40,62.4 2 1
github.com/weaby/adr-buddy/internal/cli/check.go:62.9,64.4 1 1
github.com/weaby/adr-buddy/internal/cli/check.go:67.3,67.67 1 1
github.com/weaby/adr-buddy/internal/cli/check.go:67.67,69.14 2 1
github.com/weaby/adr-buddy/internal/cli/check.go:69.14,72.5 2 1
github.com/weaby/adr-buddy/internal/cli/check.go:72.10,74.5 1 0
github.com/weaby/adr-buddy/internal/cli/check.go:76.4,84.14 2 1
github.com/weaby/adr-buddy/internal/cli/check.go:84.14,86.5 1 1
github.com/weaby/adr-buddy/internal/cli/check.go:86.10,88.5 1 0
github.com/weaby/adr-buddy/internal/cli/check.go:93.2,93.29 1 1
github.com/weaby/adr-buddy/internal/cli/check.go:93.29,95.17 2 1
github.com/weaby/adr-buddy/internal/cli/check.go:95.17,104.4 2 1
github.com/weaby/adr-buddy/internal/cli/check.go:108.2,108.35 1 1
github.com/weaby/adr-buddy/internal/cli/check.go:108.35,110.3 1 1
github.com/weaby/adr-buddy/internal/cli/check.go:110.8,110.44 1 1
github.com/weaby/adr-buddy/internal/cli/check.go:110.44,112.3 1 0
github.com/weaby/adr-buddy/internal/cli/check.go:115.2,115.22 1 1
github.com/weaby/adr-buddy/internal/cli/check.go:115.22,118.48 3 1
github.com/weaby/adr-buddy/internal/cli/check.go:118.48,120.4 1 0
github.com/weaby/adr-buddy/internal/cli/check.go:121.8,125.31 2 1
github.com/weaby/adr-buddy/internal/cli/check.go:125.31,128.4 2 1
github.com/weaby/adr-buddy/internal/cli/check.go:131.3,131.37 1 1
github.com/weaby/adr-buddy/internal/cli/check.go:131.37,133.4 1 1
github.com/weaby/adr-buddy/internal/cli/check.go:136.3,136.40 1 1
github.com/weaby/adr-buddy/internal/cli/check.go:136.40,138.4 1 0
github.com/weaby/adr-buddy/internal/cli/check.go:140.3,140.36 1 1
github.com/weaby/adr-buddy/internal/cli/check.go:140.36,142.4 1 1
github.com/weaby/adr-buddy/internal/cli/check.go:144.3,144.93 1 1
github.com/weaby/adr-buddy/internal/cli/check.go:148.2,148.39 1 1
github.com/weaby/adr-buddy/internal/cli/check.go:148.39,150.3 1 0
github.com/weaby/adr-buddy/internal/cli/check.go:152.2,152.12 1 1
github.com/weaby/adr-buddy/internal/cli/init.go:24.33,26.2 1 1
github.com/weaby/adr-buddy/internal/cli/init.go:29.71,31.52 1 1
github.com/weaby/adr-buddy/internal/cli/init.go:31.52,33.3 1 1
github.com/weaby/adr-buddy/internal/cli/init.go:36.2,37.50 2 1
github.com/weaby/adr-buddy/internal/cli/init.go:37.50,39.3 1 0
github.com/weaby/adr-buddy/internal/cli/init.go:42.2,43.69 2 1
github.com/weaby/adr-buddy/internal/cli/init.go:43.69,46.17 3 1
github.com/weaby/adr-buddy/internal/cli/init.go:46.17,48.4 1 0
github.com/weaby/adr-buddy/internal/cli/init.go:49.3,50.19 2 1
github.com/weaby/adr-buddy/internal/cli/init.go:51.17,53.3 1 0
github.com/weaby/adr-buddy/internal/cli/init.go:56.2,57.71 2 1
github.com/weaby/adr-buddy/internal/cli/init.go:57.71,60.3 2 1
github.com/weaby/adr-buddy/internal/cli/init.go:60.17,62.3 1 0
github.com/weaby/adr-buddy/internal/cli/init.go:65.2,65.23 1 1
github.com/weaby/adr-buddy/internal/cli/init.go:66.28,67.60 1 1
github.com/weaby/adr-buddy/internal/cli/init.go:67.60,69.4 1 0
github.com/weaby/adr-buddy/internal/cli/init.go:70.3,70.101 1 1
github.com/weaby/adr-buddy/internal/cli/init.go:71.25,72.50 1 1
github.com/weaby/adr-buddy/internal/cli/init.go:72.50,74.4 1 0
github.com/weaby/adr-buddy/internal/cli/init.go:75.3,76.101 2 1
github.com/weaby/adr-buddy/internal/cli/init.go:79.2,80.12 2 1
github.com/weaby/adr-buddy/internal/cli/init.go:84.83,86.41 1 1
github.com/weaby/adr-buddy/internal/cli/init.go:86.41,89.3 2 1
github.com/weaby/adr-buddy/internal/cli/init.go:92.2,93.16 2 1
github.com/weaby/adr-buddy/internal/cli/init.go:93.16,95.3 1 0
github.com/weaby/adr-buddy/internal/cli/init.go:98.2,98.58 1 1
github.com/weaby/adr-buddy/internal/cli/init.go:98.58,100.3 1 0
github.com/weaby/adr-buddy/internal/cli/init.go:102.2,102.12 1 1
github.com/weaby/adr-buddy/internal/cli/list.go:21.68,22.19 1 1
github.com/weaby/adr-buddy/internal/cli/list.go:22.19,24.3 1 0
github.com/weaby/adr-buddy/internal/cli/list.go:26.2,27.16 2 1
github.com/weaby/adr-buddy/internal/cli/list.go:27.16,29.3 1 0
github.com/weaby/adr-buddy/internal/cli/list.go:32.2,33.41 2 1
github.com/weaby/adr-buddy/internal/cli/list.go:33.41,35.32 2 1
github.com/weaby/adr-buddy/internal/cli/list.go:35.32,37.4 1 1
github.com/weaby/adr-buddy/internal/cli/list.go:39.3,40.17 2 1
github.com/weaby/adr-buddy/internal/cli/list.go:40.17,42.4 1 0
github.com/weaby/adr-buddy/internal/cli/list.go:43.3,43.58 1 1
github.com/weaby/adr-buddy/internal/cli/list.go:47.2,47.30 1 1
github.com/weaby/adr-buddy/internal/cli/list.go:47.30,50.3 2 0
github.com/weaby/adr-buddy/internal/cli/list.go:53.2,54.16 2 1
github.com/weaby/adr-buddy/internal/cli/list.go:54.16,56.3 1 0
github.com/weaby/adr-buddy/internal/cli/list.go:59.2,59.20 1 1
github.com/weaby/adr-buddy/internal/cli/list.go:59.20,61.28 2 1
github.com/weaby/adr-buddy/internal/cli/list.go:61.28,62.32 1 1
github.com/weaby/adr-buddy/internal/cli/list.go:62.32,64.5 1 1
github.com/weaby/adr-buddy/internal/cli/list.go:66.3,68.21 2 1
github.com/weaby/adr-buddy/internal/cli/list.go:68.21,71.4 2 0
github.com/weaby/adr-buddy/internal/cli/list.go:75.2,75.39 1 1
github.com/weaby/adr-buddy/internal/cli/list.go:75.39,77.3 1 1
github.com/weaby/adr-buddy/internal/cli/list.go:80.2,82.27 3 1
github.com/weaby/adr-buddy/internal/cli/list.go:82.27,84.16 2 1
github.com/weaby/adr-buddy/internal/cli/list.go:84.16,86.4 1 1
github.com/weaby/adr-buddy/internal/cli/list.go:87.3,88.58 1 1
github.com/weaby/adr-buddy/internal/cli/list.go:90.2,92.12 2 1
github.com/weaby/adr-buddy/internal/cli/sync.go:17.66,19.2 1 1
github.com/weaby/adr-buddy/internal/cli/sync.go:22.89,24.16 2 1
github.com/weaby/adr-buddy/internal/cli/sync.go:24.16,26.3 1 0
github.com/weaby/adr-buddy/internal/cli/sync.go:28.2,28.22 1 1
github.com/weaby/adr-buddy/internal/cli/sync.go:28.22,30.3 1 1
github.com/weaby/adr-buddy/internal/cli/sync.go:33.2,34.41 2 1
github.com/weaby/adr-buddy/internal/cli/sync.go:34.41,36.32 2 1
github.com/weaby/adr-buddy/internal/cli/sync.go:36.32,38.4 1 1
github.com/weaby/adr-buddy/internal/cli/sync.go:40.3,41.17 2 1
github.com/weaby/adr-buddy/internal/cli/sync.go:41.17,43.4 1 0
github.com/weaby/adr-buddy/internal/cli/sync.go:44.3,44.58 1 1
github.com/weaby/adr-buddy/internal/cli/sync.go:47.2,47.22 1 1
github.com/weaby/adr-buddy/internal/cli/sync.go:47.22,49.3 1 1
github.com/weaby/adr-buddy/internal/cli/sync.go:51.2,51.30 1 1
github.com/weaby/adr-buddy/internal/cli/sync.go:51.30,52.23 1 0
github.com/weaby/adr-buddy/internal/cli/sync.go:52.23,65.4 4 0
github.com/weaby/adr-buddy/internal/cli/sync.go:66.3,67.13 2 0
github.com/weaby/adr-buddy/internal/cli/sync.go:71.2,72.16 2 1
github.com/weaby/adr-buddy/internal/cli/sync.go:72.16,74.3 1 0
github.com/weaby/adr-buddy/internal/cli/sync.go:76.2,76.22 1 1
github.com/weaby/adr-buddy/internal/cli/sync.go:76.22,78.3 1 1
github.com/weaby/adr-buddy/internal/cli/sync.go:81.2,82.24 2 1
github.com/weaby/adr-buddy/internal/cli/sync.go:82.24,84.17 2 0
github.com/weaby/adr-buddy/internal/cli/sync.go:84.17,86.4 1 0
github.com/weaby/adr-buddy/internal/cli/sync.go:90.2,91.32 2 1
github.com/weaby/adr-buddy/internal/cli/sync.go:91.32,93.3 1 1
github.com/weaby/adr-buddy/internal/cli/sync.go:95.2,105.27 2 1
github.com/weaby/adr-buddy/internal/cli/sync.go:105.27,110.48 4 1
github.com/weaby/adr-buddy/internal/cli/sync.go:110.48,113.4 2 1
github.com/weaby/adr-buddy/internal/cli/sync.go:113.9,116.4 2 1
github.com/weaby/adr-buddy/internal/cli/sync.go:118.3,125.13 2 1
github.com/weaby/adr-buddy/internal/cli/sync.go:125.13,126.24 1 1
github.com/weaby/adr-buddy/internal/cli/sync.go:126.24,128.5 1 1
github.com/weaby/adr-buddy/internal/cli/sync.go:129.4,129.12 1 1
github.com/weaby/adr-buddy/internal/cli/sync.go:133.3,134.66 2 1
github.com/weaby/adr-buddy/internal/cli/sync.go:134.66,137.18 2 1
github.com/weaby/adr-buddy/internal/cli/sync.go:137.18,139.5 1 0
github.com/weaby/adr-buddy/internal/cli/sync.go:140.4,140.24 1 1
github.com/weaby/adr-buddy/internal/cli/sync.go:140.24,142.5 1 1
github.com/weaby/adr-buddy/internal/cli/sync.go:143.9,146.18 2 1
github.com/weaby/adr-buddy/internal/cli/sync.go:146.18,148.5 1 0
github.com/weaby/adr-buddy/internal/cli/sync.go:149.4,149.24 1 1
github.com/weaby/adr-buddy/internal/cli/sync.go:149.24,151.5 1 1
github.com/weaby/adr-buddy/internal/cli/sync.go:155.3,155.69 1 1
github.com/weaby/adr-buddy/internal/cli/sync.go:155.69,157.4 1 0
github.com/weaby/adr-buddy/internal/cli/sync.go:160.3,160.73 1 1
github.com/weaby/adr-buddy/internal/cli/sync.go:160.73,162.4 1 0
github.com/weaby/adr-buddy/internal/cli/sync.go:165.2,168.22 2 1
github.com/weaby/adr-buddy/internal/cli/sync.go:168.22,172.3 3 1
github.com/weaby/adr-buddy/internal/cli/sync.go:174.2,174.13 1 1
github.com/weaby/adr-buddy/internal/cli/sync.go:174.13,176.3 1 1
github.com/weaby/adr-buddy/internal/cli/sync.go:178.2,178.12 1 1
github.com/weaby/adr-buddy/internal/model/adr.go:16.41,18.2 1 1
github.com/weaby/adr-buddy/internal/model/adr.go:34.39,35.16 1 1
github.com/weaby/adr-buddy/internal/model/adr.go:35.16,37.3 1 1
github.com/weaby/adr-buddy/internal/model/adr.go:38.2,38.18 1 1
github.com/weaby/adr-buddy/internal/model/adr.go:38.18,40.3 1 1
github.com/weaby/adr-buddy/internal/model/adr.go:41.2,41.12 1 1
github.com/weaby/adr-buddy/internal/model/adr.go:45.45,46.20 1 1
github.com/weaby/adr-buddy/internal/model/adr.go:46.20,48.3 1 1
github.com/weaby/adr-buddy/internal/model/adr.go:49.2,49.17 1 1
github.com/weaby/adr-buddy/internal/model/adr.go:66.51,68.22 2 1
github.com/weaby/adr-buddy/internal/model/adr.go:68.22,70.3 1 1
github.com/weaby/adr-buddy/internal/model/adr.go:71.2,71.55 1 1
github.com/weaby/adr-buddy/internal/model/aggregator.go:9.59,12.34 2 1
github.com/weaby/adr-buddy/internal/model/aggregator.go:12.34,13.40 1 1
github.com/weaby/adr-buddy/internal/model/aggregator.go:13.40,15.4 1 0
github.com/weaby/adr-buddy/internal/model/aggregator.go:17.3,18.14 2 1
github.com/weaby/adr-buddy/internal/model/aggregator.go:18.14,32.4 2 1
github.com/weaby/adr-buddy/internal/model/aggregator.go:32.9,34.28 1 1
github.com/weaby/adr-buddy/internal/model/aggregator.go:34.28,37.5 1 1
github.com/weaby/adr-buddy/internal/model/aggregator.go:38.4,38.36 1 1
github.com/weaby/adr-buddy/internal/model/aggregator.go:38.36,41.5 1 0
github.com/weaby/adr-buddy/internal/model/aggregator.go:45.3,45.24 1 1
github.com/weaby/adr-buddy/internal/model/aggregator.go:45.24,47.4 1 1
github.com/weaby/adr-buddy/internal/model/aggregator.go:48.3,48.25 1 1
github.com/weaby/adr-buddy/internal/model/aggregator.go:48.25,50.4 1 1
github.com/weaby/adr-buddy/internal/model/aggregator.go:51.3,51.29 1 1
github.com/weaby/adr-buddy/internal/model/aggregator.go:51.29,53.4 1 0
github.com/weaby/adr-buddy/internal/model/aggregator.go:56.3,56.54 1 1
github.com/weaby/adr-buddy/internal/model/aggregator.go:60.2,61.29 2 1
github.com/weaby/adr-buddy/internal/model/aggregator.go:61.29,63.3 1 1
github.com/weaby/adr-buddy/internal/model/aggregator.go:65.2,65.18 1 1
github.com/weaby/adr-buddy/internal/parser/scanner.go:15.49,28.26 3 1
github.com/weaby/adr-buddy/internal/parser/scanner.go:28.26,30.3 1 1
github.com/weaby/adr-buddy/internal/parser/scanner.go:33.2,33.13 1 1
github.com/weaby/adr-buddy/internal/parser/scanner.go:37.55,41.47 2 1
github.com/weaby/adr-buddy/internal/parser/scanner.go:41.47,43.3 1 1
github.com/weaby/adr-buddy/internal/parser/scanner.go:46.2,47.49 2 1
github.com/weaby/adr-buddy/internal/parser/scanner.go:52.77,56.47 2 1
github.com/weaby/adr-buddy/internal/parser/scanner.go:56.47,58.3 1 1
github.com/weaby/adr-buddy/internal/parser/scanner.go:59.2,62.47 2 1
github.com/weaby/adr-buddy/internal/parser/scanner.go:62.47,64.3 1 1
github.com/weaby/adr-buddy/internal/parser/scanner.go:67.2,71.21 3 1
github.com/weaby/adr-buddy/internal/parser/scanner.go:71.21,73.3 1 0
github.com/weaby/adr-buddy/internal/parser/scanner.go:75.2,78.27 3 1
github.com/weaby/adr-buddy/internal/parser/scanner.go:82.57,86.47 2 1
github.com/weaby/adr-buddy/internal/parser/scanner.go:86.47,88.3 1 1
github.com/weaby/adr-buddy/internal/parser/scanner.go:91.2,94.44 2 1
github.com/weaby/adr-buddy/internal/parser/scanner.go:94.44,96.3 1 1
github.com/weaby/adr-buddy/internal/parser/scanner.go:99.2,100.57 2 1
github.com/weaby/adr-buddy/internal/parser/scanner.go:104.65,108.2 3 1
github.com/weaby/adr-buddy/internal/parser/scanner.go:111.62,113.16 2 1
github.com/weaby/adr-buddy/internal/parser/scanner.go:113.16,115.3 1 0
github.com/weaby/adr-buddy/internal/parser/scanner.go:116.2,126.21 8 1
github.com/weaby/adr-buddy/internal/parser/scanner.go:126.21,131.71 3 1
github.com/weaby/adr-buddy/internal/parser/scanner.go:131.71,133.22 1 1
github.com/weaby/adr-buddy/internal/parser/scanner.go:133.22,141.5 1 1
github.com/weaby/adr-buddy/internal/parser/scanner.go:144.4,146.12 3 1
github.com/weaby/adr-buddy/internal/parser/scanner.go:150.3,150.63 1 1
github.com/weaby/adr-buddy/internal/parser/scanner.go:150.63,153.12 3 1
github.com/weaby/adr-buddy/internal/parser/scanner.go:157.3,157.21 1 1
github.com/weaby/adr-buddy/internal/parser/scanner.go:157.21,161.4 3 1
github.com/weaby/adr-buddy/internal/parser/scanner.go:165.2,165.20 1 1
github.com/weaby/adr-buddy/internal/parser/scanner.go:165.20,167.3 1 0
github.com/weaby/adr-buddy/internal/parser/scanner.go:169.2,169.38 1 1
github.com/weaby/adr-buddy/internal/parser/scanner.go:169.38,171.3 1 0
github.com/weaby/adr-buddy/internal/parser/scanner.go:173.2,173.25 1 1
github.com/weaby/adr-buddy/internal/parser/scanner.go:177.69,178.15 1 1
github.com/weaby/adr-buddy/internal/parser/scanner.go:179.12,180.17 1 1
github.com/weaby/adr-buddy/internal/parser/scanner.go:181.14,182.19 1 1
github.com/weaby/adr-buddy/internal/parser/scanner.go:183.16,184.21 1 1
github.com/weaby/adr-buddy/internal/parser/scanner.go:185.18,186.23 1 1
github.com/weaby/adr-buddy/internal/parser/scanner.go:187.17,188.22 1 1
github.com/weaby/adr-buddy/internal/parser/scanner.go:189.18,190.23 1 1
github.com/weaby/adr-buddy/internal/parser/scanner.go:191.22,192.27 1 1
github.com/weaby/adr-buddy/internal/parser/scanner.go:193.10,194.34 1 0
github.com/weaby/adr-buddy/internal/parser/scanner.go:199.64,200.15 1 1
github.com/weaby/adr-buddy/internal/parser/scanner.go:201.17,202.30 1 1
github.com/weaby/adr-buddy/internal/parser/scanner.go:203.18,204.31 1 1
github.com/weaby/adr-buddy/internal/parser/scanner.go:205.22,206.35 1 1
github.com/weaby/adr-buddy/internal/parser/scanner.go:207.10,208.50 1 0
github.com/weaby/adr-buddy/internal/parser/scanner.go:208.50,210.4 1 0
github.com/weaby/adr-buddy/internal/parser/scanner.go:215.91,218.85 2 1
github.com/weaby/adr-buddy/internal/parser/scanner.go:218.85,219.17 1 1
github.com/weaby/adr-buddy/internal/parser/scanner.go:219.17,221.4 1 0
github.com/weaby/adr-buddy/internal/parser/scanner.go:224.3,224.16 1 1
github.com/weaby/adr-buddy/internal/parser/scanner.go:224.16,226.4 1 1
github.com/weaby/adr-buddy/internal/parser/scanner.go:229.3,230.17 2 1
github.com/weaby/adr-buddy/internal/parser/scanner.go:230.17,232.4 1 0
github.com/weaby/adr-buddy/internal/parser/scanner.go:235.3,235.46 1 1
github.com/weaby/adr-buddy/internal/parser/scanner.go:235.46,237.4 1 1
github.com/weaby/adr-buddy/internal/parser/scanner.go:240.3,241.17 2 1
github.com/weaby/adr-buddy/internal/parser/scanner.go:241.17,244.4 1 0
github.com/weaby/adr-buddy/internal/parser/scanner.go:247.3,247.35 1 1
github.com/weaby/adr-buddy/internal/parser/scanner.go:247.35,249.4 1 1
github.com/weaby/adr-buddy/internal/parser/scanner.go:251.3,252.13 2 1
github.com/weaby/adr-buddy/internal/parser/scanner.go:255.2,255.28 1 1
github.com/weaby/adr-buddy/internal/parser/scanner.go:259.57,260.35 1 1
github.com/weaby/adr-buddy/internal/parser/scanner.go:260.35,262.28 2 1
github.com/weaby/adr-buddy/internal/parser/scanner.go:262.28,264.4 1 1
github.com/weaby/adr-buddy/internal/parser/scanner.go:266.2,266.14 1 1
github.com/weaby/adr-buddy/internal/parser/validator.go:16.55,17.18 1 1
github.com/weaby/adr-buddy/internal/parser/validator.go:17.18,19.3 1 1
github.com/weaby/adr-buddy/internal/parser/validator.go:21.2,21.28 1 1
github.com/weaby/adr-buddy/internal/parser/validator.go:21.28,22.13 1 1
github.com/weaby/adr-buddy/internal/parser/validator.go:22.13,24.4 1 1
github.com/weaby/adr-buddy/internal/parser/validator.go:26.3,26.53 1 1
github.com/weaby/adr-buddy/internal/parser/validator.go:29.2,29.12 1 1
github.com/weaby/adr-buddy/internal/template/default.go:4.31,46.2 1 1
github.com/weaby/adr-buddy/internal/template/merger.go:20.50,31.65 5 1
github.com/weaby/adr-buddy/internal/template/merger.go:31.65,33.3 1 1
github.com/weaby/adr-buddy/internal/template/merger.go:34.2,34.63 1 1
github.com/weaby/adr-buddy/internal/template/merger.go:34.63,36.3 1 1
github.com/weaby/adr-buddy/internal/template/merger.go:37.2,37.67 1 1
github.com/weaby/adr-buddy/internal/template/merger.go:37.67,39.3 1 1
github.com/weaby/adr-buddy/internal/template/merger.go:43.2,44.44 2 1
github.com/weaby/adr-buddy/internal/template/merger.go:44.44,48.60 3 1
github.com/weaby/adr-buddy/internal/template/merger.go:48.60,50.4 1 1
github.com/weaby/adr-buddy/internal/template/merger.go:53.2,53.15 1 1
github.com/weaby/adr-buddy/internal/template/merger.go:57.41,60.2 2 1
github.com/weaby/adr-buddy/internal/template/merger.go:72.81,89.23 3 1
github.com/weaby/adr-buddy/internal/template/merger.go:89.23,91.3 1 0
github.com/weaby/adr-buddy/internal/template/merger.go:94.2,94.27 1 1
github.com/weaby/adr-buddy/internal/template/merger.go:94.27,97.63 2 1
github.com/weaby/adr-buddy/internal/template/merger.go:97.63,100.4 1 1
github.com/weaby/adr-buddy/internal/template/merger.go:105.2,105.28 1 1
github.com/weaby/adr-buddy/internal/template/merger.go:105.28,108.65 2 1
github.com/weaby/adr-buddy/internal/template/merger.go:108.65,111.4 1 1
github.com/weaby/adr-buddy/internal/template/merger.go:116.2,116.32 1 1
github.com/weaby/adr-buddy/internal/template/merger.go:116.32,119.73 2 1
github.com/weaby/adr-buddy/internal/template/merger.go:119.73,122.4 1 1
github.com/weaby/adr-buddy/internal/template/merger.go:127.2,128.16 2 1
github.com/weaby/adr-buddy/internal/template/merger.go:128.16,130.3 1 0
github.com/weaby/adr-buddy/internal/template/merger.go:132.2,133.48 2 1
github.com/weaby/adr-buddy/internal/template/merger.go:133.48,135.3 1 0
github.com/weaby/adr-buddy/internal/template/merger.go:137.2,137.26 1 1
github.com/weaby/adr-buddy/internal/template/renderer.go:11.61,13.16 2 1
github.com/weaby/adr-buddy/internal/template/renderer.go:13.16,15.3 1 0
github.com/weaby/adr-buddy/internal/template/renderer.go:17.2,18.48 2 1
github.com/weaby/adr-buddy/internal/template/renderer.go:18.48,20.3 1 0
github.com/weaby/adr-buddy/internal/template/renderer.go:22.2,22.26 1 1
github.com/weaby/adr-buddy/internal/config/config.go:20.24,37.2 1 1
github.com/weaby/adr-buddy/internal/config/config.go:41.44,45.55 2 1
github.com/weaby/adr-buddy/internal/config/config.go:45.55,47.3 1 1
github.com/weaby/adr-buddy/internal/config/config.go:50.2,51.16 2 1
github.com/weaby/adr-buddy/internal/config/config.go:51.16,53.3 1 0
github.com/weaby/adr-buddy/internal/config/config.go:56.2,57.50 2 1
github.com/weaby/adr-buddy/internal/config/config.go:57.50,59.3 1 0
github.com/weaby/adr-buddy/internal/config/config.go:61.2,61.17 1 1
github.com/weaby/adr-buddy/cmd/adr-buddy/main.go:23.54,27.20 3 0
github.com/weaby/adr-buddy/cmd/adr-buddy/main.go:28.18,29.44 1 0
github.com/weaby/adr-buddy/cmd/adr-buddy/main.go:30.15,31.41 1 0
github.com/weaby/adr-buddy/cmd/adr-buddy/main.go:32.15,33.41 1 0
github.com/weaby/adr-buddy/cmd/adr-buddy/main.go:34.11,35.41 1 0
github.com/weaby/adr-buddy/cmd/adr-buddy/main.go:36.11,37.101 1 0
github.com/weaby/adr-buddy/cmd/adr-buddy/main.go:40.3,40.47 1 0
github.com/weaby/adr-buddy/cmd/adr-buddy/main.go:44.46,57.15 11 0
github.com/weaby/adr-buddy/cmd/adr-buddy/main.go:58.11,59.34 1 0
github.com/weaby/adr-buddy/cmd/adr-buddy/main.go:60.11,61.31 1 0
github.com/weaby/adr-buddy/cmd/adr-buddy/main.go:62.10,63.31 1 0
github.com/weaby/adr-buddy/cmd/adr-buddy/main.go:70.54,75.12 4 0
github.com/weaby/adr-buddy/cmd/adr-buddy/main.go:75.12,77.4 1 0
github.com/weaby/adr-buddy/cmd/adr-buddy/main.go:79.3,79.60 1 0
github.com/weaby/adr-buddy/cmd/adr-buddy/main.go:86.54,90.3 3 0
github.com/weaby/adr-buddy/cmd/adr-buddy/main.go:96.54,99.3 2 0
github.com/weaby/adr-buddy/cmd/adr-buddy/main.go:102.13,118.2 11 1
github.com/weaby/adr-buddy/cmd/adr-buddy/main.go:120.13,121.42 1 0
github.com/weaby/adr-buddy/cmd/adr-buddy/main.go:121.42,123.3 1 0
